<?xml version="1.0" encoding="utf-8"?><testsuites name="pytest tests"><testsuite name="pytest" errors="0" failures="2" skipped="0" tests="566" time="1.404" timestamp="2026-09-18T16:20:30.583512+00:00" hostname="cursor"><testcase classname="tests.integration.test_xcat_c02_c06_c01_c03" name="test_happy_path_chain_with_handoffs" time="0.001" /><testcase classname="tests.integration.test_xcat_c02_c06_c01_c03" name="test_c06_cannot_manufacture_recommendation" time="0.000" /><testcase classname="tests.integration.test_xcat_c02_c06_c01_c03" name="test_c06_output_validator_rejects_recommendation" time="0.000" /><testcase classname="tests.integration.test_xcat_c02_c06_c01_c03" name="test_c01_cannot_manufacture_authority" time="0.000" /><testcase classname="tests.integration.test_xcat_c02_c06_c01_c03" name="test_c01_output_validator_rejects_authority_escalation" time="0.000" /><testcase classname="tests.integration.test_xcat_c02_c06_c01_c03" name="test_c01_cannot_add_execution_grants" time="0.000" /><testcase classname="tests.integration.test_xcat_c02_c06_c01_c03" name="test_c03_cannot_change_recommendation" time="0.000" /><testcase classname="tests.integration.test_xcat_c02_c06_c01_c03" name="test_c03_cannot_strengthen_conditional_to_certain" time="0.000" /><testcase classname="tests.integration.test_xcat_c02_c06_c01_c03" name="test_c03_output_validator_rejects_rec_mutation" time="0.000" /><testcase classname="tests.integration.test_xcat_c02_c06_c01_c03" name="test_constraints_provenance_uncertainty_prefs_taint_preserved" time="0.000" /><testcase classname="tests.integration.test_xcat_c02_c06_c01_c03" name="test_unknown_not_laundered_to_pass" time="0.000" /><testcase classname="tests.integration.test_xcat_c02_c06_c01_c03" name="test_recommendation_not_execution_across_chain" time="0.000" /><testcase classname="tests.integration.test_xcat_c02_c06_c01_c03" name="test_no_category_mints_permits_or_verified_outcomes" time="0.000" /><testcase classname="tests.integration.test_xcat_c02_c06_c01_c03" name="test_c02_cannot_add_analysis_or_recommendation" time="0.000" /><testcase classname="tests.integration.test_xcat_c02_c06_c01_c03" name="test_c02_facts_require_provenance" time="0.000" /><testcase classname="tests.integration.test_xcat_c02_c06_c01_c03" name="test_category_trace_uses_namespaced_ids" time="0.000" /><testcase classname="tests.integration.test_xcat_c02_c06_c01_c03" name="test_S2_01_c06_cannot_manufacture_recommendation" time="0.000" /><testcase classname="tests.integration.test_xcat_c02_c06_c01_c03" name="test_S2_02_c01_cannot_manufacture_authority_or_grants" time="0.000" /><testcase classname="tests.integration.test_xcat_c02_c06_c01_c03" name="test_S2_03_c03_cannot_mutate_rec_or_strengthen_certainty" time="0.000" /><testcase classname="tests.integration.test_xcat_c02_c06_c01_c03" name="test_S2_04_preservation_across_chain" time="0.000" /><testcase classname="tests.integration.test_xcat_c02_c06_c01_c03" name="test_S2_05_unknown_not_pass" time="0.000" /><testcase classname="tests.integration.test_xcat_c02_c06_c01_c03" name="test_S2_06_recommendation_not_execution" time="0.000" /><testcase classname="tests.integration.test_xcat_c02_c06_c01_c03" name="test_S2_07_no_permits_verified_authority_mint_namespaced" time="0.000" /><testcase classname="tests.integration.test_xcat_c02_c06_c01_c03" name="test_c02_ownership_positive_adds_facts_prov_uncertainty" time="0.000" /><testcase classname="tests.integration.test_xcat_c02_c06_c01_c03" name="test_c02_ownership_negative_rejects_analysis_kwarg" time="0.000" /><testcase classname="tests.integration.test_xcat_c02_c06_c01_c03" name="test_c06_ownership_positive_adds_analysis_only" time="0.000" /><testcase classname="tests.integration.test_xcat_c02_c06_c01_c03" name="test_c06_ownership_negative_rejects_kind_recommendation" time="0.000" /><testcase classname="tests.integration.test_xcat_c02_c06_c01_c03" name="test_c06_ownership_negative_rejects_recommendation_shaped" time="0.000" /><testcase classname="tests.integration.test_xcat_c02_c06_c01_c03" name="test_c01_ownership_positive_adds_recommendation_only" time="0.000" /><testcase classname="tests.integration.test_xcat_c02_c06_c01_c03" name="test_c01_ownership_negative_rejects_authority_kwarg" time="0.000" /><testcase classname="tests.integration.test_xcat_c02_c06_c01_c03" name="test_c03_ownership_positive_adds_rendering_only" time="0.000" /><testcase classname="tests.integration.test_xcat_c02_c06_c01_c03" name="test_c03_ownership_negative_rejects_rec_kwarg" time="0.000" /><testcase classname="tests.integration.test_xcat_c02_c06_c01_c03" name="test_deep_immutability_nested_fact_meta_not_mutable" time="0.000" /><testcase classname="tests.integration.test_xcat_c02_c06_c01_c03" name="test_deep_immutability_nested_analysis_details_not_mutable" time="0.000" /><testcase classname="tests.integration.test_xcat_c02_c06_c01_c03" name="test_reason_code_determinism_provenance_lost" time="0.000" /><testcase classname="tests.integration.test_xcat_c02_c06_c01_c03" name="test_reason_code_determinism_authority_escalation" time="0.000" /><testcase classname="tests.integration.test_xcat_c02_c06_c01_c03" name="test_overblocking_valid_certainty_weaken_allowed" time="0.000" /><testcase classname="tests.integration.test_xcat_c02_c06_c01_c03" name="test_overblocking_happy_path_handoffs_all_valid" time="0.000" /><testcase classname="tests.integration.test_xcat_c02_c06_c01_c03" name="test_no_hidden_side_effects_on_input_envelope" time="0.000" /><testcase classname="tests.integration.test_xcat_c02_c06_c01_c03" name="test_schema_model_consistency_full_chain_to_dict" time="0.001" /><testcase classname="tests.integration.test_xcat_c02_c06_c01_c03" name="test_adversarial_01_orphan_provenance_ids_rejected" time="0.000" /><testcase classname="tests.integration.test_xcat_c02_c06_c01_c03" name="test_adversarial_02_empty_provenance_ids_rejected" time="0.000" /><testcase classname="tests.integration.test_xcat_c02_c06_c01_c03" name="test_adversarial_03_naked_category_id_refused" time="0.000" /><testcase classname="tests.integration.test_xcat_c02_c06_c01_c03" name="test_adversarial_04_goal_identity_rewrite_blocked" time="0.000" /><testcase classname="tests.integration.test_xcat_c02_c06_c01_c03" name="test_adversarial_05_constraint_weaken_hard_to_soft" time="0.000" /><testcase classname="tests.integration.test_xcat_c02_c06_c01_c03" name="test_adversarial_06_preference_statement_rewrite" time="0.000" /><testcase classname="tests.integration.test_xcat_c02_c06_c01_c03" name="test_adversarial_07_taint_label_drop" time="0.000" /><testcase classname="tests.integration.test_xcat_c02_c06_c01_c03" name="test_adversarial_08_sensitivity_label_drop" time="0.000" /><testcase classname="tests.integration.test_xcat_c02_c06_c01_c03" name="test_adversarial_09_uncertainty_erasure" time="0.000" /><testcase classname="tests.integration.test_xcat_c02_c06_c01_c03" name="test_adversarial_10_fail_to_pass_via_c03_handoff" time="0.000" /><testcase classname="tests.integration.test_xcat_c02_c06_c01_c03" name="test_adversarial_11_unknown_to_certain_strengthen_in_rendering" time="0.000" /><testcase classname="tests.integration.test_xcat_c02_c06_c01_c03" name="test_adversarial_12_c01_rejects_analysis_kind_on_recommendation" time="0.000" /><testcase classname="tests.integration.test_xcat_c02_c06_c01_c03" name="test_adversarial_13_rendering_with_verified_success_key_rejected" time="0.000" /><testcase classname="tests.integration.test_xcat_c02_c06_c01_c03" name="test_adversarial_14_destination_missing_from_trace_revalidation" time="0.000" /><testcase classname="tests.integration.test_xcat_c02_c06_c01_c03" name="test_adversarial_15_list_nested_in_analysis_deep_frozen" time="0.000" /><testcase classname="tests.integration.test_xcat_c02_c06_c01_c03" name="test_full_chain_valid_fixture" time="0.001" /><testcase classname="tests.integration.test_xcat_c02_c06_c01_c03" name="test_attack_A_c06_manufactures_recommendation" time="0.000" /><testcase classname="tests.integration.test_xcat_c02_c06_c01_c03" name="test_attack_B_c01_mints_authority" time="0.000" /><testcase classname="tests.integration.test_xcat_c02_c06_c01_c03" name="test_attack_C_c01_mints_execution_grants" time="0.000" /><testcase classname="tests.integration.test_xcat_c02_c06_c01_c03" name="test_attack_D_c03_mutates_recommendation" time="0.000" /><testcase classname="tests.integration.test_xcat_c02_c06_c01_c03" name="test_attack_E_c03_strengthens_conditional_to_certain" time="0.000" /><testcase classname="tests.integration.test_xcat_c02_c06_c01_c03" name="test_attack_F_unknown_to_pass_laundering" time="0.000" /><testcase classname="tests.integration.test_xcat_c02_c06_c01_c03" name="test_attack_G_provenance_erasure_across_handoff" time="0.000" /><testcase classname="tests.integration.test_xcat_c02_c06_c01_c03" name="test_attack_H_permit_verified_outcome_keys_in_payloads" time="0.000" /><testcase classname="tests.portability.test_abi" name="test_abi_id_is_spe_universal_abi_v1" time="0.000" /><testcase classname="tests.portability.test_abi" name="test_abi_semver_major_minor_patch" time="0.000" /><testcase classname="tests.portability.test_abi" name="test_reference_declaration_honest_status_and_offline" time="0.000" /><testcase classname="tests.portability.test_abi" name="test_schema_const_abi_id" time="0.005" /><testcase classname="tests.portability.test_abi" name="test_schema_rejects_wrong_abi_id" time="0.004" /><testcase classname="tests.portability.test_canonical" name="test_stable_key_order" time="0.000" /><testcase classname="tests.portability.test_canonical" name="test_utf8_round_trip" time="0.000" /><testcase classname="tests.portability.test_canonical" name="test_no_python_tuple_leak" time="0.000" /><testcase classname="tests.portability.test_canonical" name="test_stable_enums" time="0.000" /><testcase classname="tests.portability.test_canonical" name="test_nested_determinism" time="0.000" /><testcase classname="tests.portability.test_capability" name="test_all_capability_ids_present" time="0.000" /><testcase classname="tests.portability.test_capability" name="test_missing_never_fakes_success" time="0.000" /><testcase classname="tests.portability.test_capability" name="test_blocked_never_fakes_success" time="0.000" /><testcase classname="tests.portability.test_capability" name="test_defer_never_fakes_success" time="0.000" /><testcase classname="tests.portability.test_capability" name="test_available_ok" time="0.000" /><testcase classname="tests.portability.test_conformance_suite" name="test_manifest_counts" time="0.000" /><testcase classname="tests.portability.test_conformance_suite" name="test_positive_fixture_count" time="0.000" /><testcase classname="tests.portability.test_conformance_suite" name="test_negative_fixture_count_and_reasons" time="0.001" /><testcase classname="tests.portability.test_conformance_suite" name="test_run_conformance_suite_green" time="0.014" /><testcase classname="tests.portability.test_conformance_suite" name="test_negatives_detect_exact_reasons" time="0.003" /><testcase classname="tests.portability.test_cross_language_determinism" name="test_rust_fresh_processes_stable_canonical_output" time="0.008" /><testcase classname="tests.portability.test_cross_language_determinism" name="test_ten_cycle_python_rust_python_zero_protected_drift" time="0.050" /><testcase classname="tests.portability.test_cross_language_determinism" name="test_explicit_mutation_controls_do_not_escape" time="0.010" /><testcase classname="tests.portability.test_cross_language_negative_mutations" name="test_rust_reports_exact_frozen_negative_reason[NEG-001]" time="0.002" /><testcase classname="tests.portability.test_cross_language_negative_mutations" name="test_rust_reports_exact_frozen_negative_reason[NEG-002]" time="0.002" /><testcase classname="tests.portability.test_cross_language_negative_mutations" name="test_rust_reports_exact_frozen_negative_reason[NEG-003]" time="0.002" /><testcase classname="tests.portability.test_cross_language_negative_mutations" name="test_rust_reports_exact_frozen_negative_reason[NEG-004]" time="0.001" /><testcase classname="tests.portability.test_cross_language_negative_mutations" name="test_rust_reports_exact_frozen_negative_reason[NEG-005]" time="0.001" /><testcase classname="tests.portability.test_cross_language_negative_mutations" name="test_rust_reports_exact_frozen_negative_reason[NEG-006]" time="0.002" /><testcase classname="tests.portability.test_cross_language_negative_mutations" name="test_rust_reports_exact_frozen_negative_reason[NEG-007]" time="0.001" /><testcase classname="tests.portability.test_cross_language_negative_mutations" name="test_rust_reports_exact_frozen_negative_reason[NEG-008]" time="0.001" /><testcase classname="tests.portability.test_cross_language_negative_mutations" name="test_rust_reports_exact_frozen_negative_reason[NEG-009]" time="0.001" /><testcase classname="tests.portability.test_cross_language_negative_mutations" name="test_rust_reports_exact_frozen_negative_reason[NEG-010]" time="0.001" /><testcase classname="tests.portability.test_cross_language_negative_mutations" name="test_rust_reports_exact_frozen_negative_reason[NEG-011]" time="0.002" /><testcase classname="tests.portability.test_cross_language_negative_mutations" name="test_rust_reports_exact_frozen_negative_reason[NEG-012]" time="0.001" /><testcase classname="tests.portability.test_cross_language_negative_mutations" name="test_rust_reports_exact_frozen_negative_reason[NEG-013]" time="0.001" /><testcase classname="tests.portability.test_cross_language_negative_mutations" name="test_rust_reports_exact_frozen_negative_reason[NEG-014]" time="0.001" /><testcase classname="tests.portability.test_cross_language_negative_mutations" name="test_rust_reports_exact_frozen_negative_reason[NEG-015]" time="0.002" /><testcase classname="tests.portability.test_cross_language_negative_mutations" name="test_rust_reports_exact_frozen_negative_reason[NEG-016]" time="0.002" /><testcase classname="tests.portability.test_cross_language_negative_mutations" name="test_rust_reports_exact_frozen_negative_reason[NEG-017]" time="0.001" /><testcase classname="tests.portability.test_cross_language_negative_mutations" name="test_rust_reports_exact_frozen_negative_reason[NEG-018]" time="0.001" /><testcase classname="tests.portability.test_cross_language_negative_mutations" name="test_rust_reports_exact_frozen_negative_reason[NEG-019]" time="0.002" /><testcase classname="tests.portability.test_cross_language_negative_mutations" name="test_rust_reports_exact_frozen_negative_reason[NEG-020]" time="0.002" /><testcase classname="tests.portability.test_cross_language_negative_mutations" name="test_rust_reports_exact_frozen_negative_reason[NEG-021]" time="0.002" /><testcase classname="tests.portability.test_cross_language_negative_mutations" name="test_rust_reports_exact_frozen_negative_reason[NEG-022]" time="0.002" /><testcase classname="tests.portability.test_cross_language_negative_mutations" name="test_rust_reports_exact_frozen_negative_reason[NEG-023]" time="0.002" /><testcase classname="tests.portability.test_cross_language_negative_mutations" name="test_rust_reports_exact_frozen_negative_reason[NEG-024]" time="0.001" /><testcase classname="tests.portability.test_cross_language_negative_mutations" name="test_rust_reports_exact_frozen_negative_reason[NEG-025]" time="0.001" /><testcase classname="tests.portability.test_cross_language_negative_mutations" name="test_rust_reports_exact_frozen_negative_reason[NEG-026]" time="0.001" /><testcase classname="tests.portability.test_cross_language_negative_mutations" name="test_rust_reports_exact_frozen_negative_reason[NEG-027]" time="0.001" /><testcase classname="tests.portability.test_cross_language_negative_mutations" name="test_rust_reports_exact_frozen_negative_reason[NEG-028]" time="0.001" /><testcase classname="tests.portability.test_cross_language_negative_mutations" name="test_rust_reports_exact_frozen_negative_reason[NEG-029]" time="0.001" /><testcase classname="tests.portability.test_cross_language_negative_mutations" name="test_rust_reports_exact_frozen_negative_reason[NEG-030]" time="0.001" /><testcase classname="tests.portability.test_cross_language_negative_mutations" name="test_rust_reports_exact_frozen_negative_reason[NEG-031]" time="0.002" /><testcase classname="tests.portability.test_cross_language_negative_mutations" name="test_rust_reports_exact_frozen_negative_reason[NEG-032]" time="0.001" /><testcase classname="tests.portability.test_cross_language_negative_mutations" name="test_rust_reports_exact_frozen_negative_reason[NEG-033]" time="0.001" /><testcase classname="tests.portability.test_cross_language_negative_mutations" name="test_rust_reports_exact_frozen_negative_reason[NEG-034]" time="0.001" /><testcase classname="tests.portability.test_cross_language_negative_mutations" name="test_rust_reports_exact_frozen_negative_reason[NEG-035]" time="0.001" /><testcase classname="tests.portability.test_cross_language_negative_mutations" name="test_rust_reports_exact_frozen_negative_reason[NEG-036]" time="0.001" /><testcase classname="tests.portability.test_cross_language_negative_mutations" name="test_rust_reports_exact_frozen_negative_reason[NEG-037]" time="0.001" /><testcase classname="tests.portability.test_cross_language_negative_mutations" name="test_rust_reports_exact_frozen_negative_reason[NEG-038]" time="0.001" /><testcase classname="tests.portability.test_cross_language_negative_mutations" name="test_rust_reports_exact_frozen_negative_reason[NEG-039]" time="0.001" /><testcase classname="tests.portability.test_cross_language_negative_mutations" name="test_rust_reports_exact_frozen_negative_reason[NEG-040]" time="0.002" /><testcase classname="tests.portability.test_cross_language_negative_mutations" name="test_rust_reports_exact_frozen_negative_reason[NEG-041]" time="0.001" /><testcase classname="tests.portability.test_cross_language_negative_mutations" name="test_rust_reports_exact_frozen_negative_reason[NEG-042]" time="0.002" /><testcase classname="tests.portability.test_cross_language_negative_mutations" name="test_rust_reports_exact_frozen_negative_reason[NEG-043]" time="0.002" /><testcase classname="tests.portability.test_cross_language_negative_mutations" name="test_rust_reports_exact_frozen_negative_reason[NEG-044]" time="0.001" /><testcase classname="tests.portability.test_cross_language_negative_mutations" name="test_rust_reports_exact_frozen_negative_reason[NEG-045]" time="0.002" /><testcase classname="tests.portability.test_cross_language_negative_mutations" name="test_rust_reports_exact_frozen_negative_reason[NEG-046]" time="0.001" /><testcase classname="tests.portability.test_cross_language_negative_mutations" name="test_rust_reports_exact_frozen_negative_reason[NEG-047]" time="0.001" /><testcase classname="tests.portability.test_cross_language_negative_mutations" name="test_rust_reports_exact_frozen_negative_reason[NEG-048]" time="0.001" /><testcase classname="tests.portability.test_cross_language_negative_mutations" name="test_rust_reports_exact_frozen_negative_reason[NEG-049]" time="0.001" /><testcase classname="tests.portability.test_cross_language_negative_mutations" name="test_rust_reports_exact_frozen_negative_reason[NEG-050]" time="0.001" /><testcase classname="tests.portability.test_cross_language_negative_mutations" name="test_rust_reports_exact_frozen_negative_reason[NEG-051]" time="0.002" /><testcase classname="tests.portability.test_cross_language_negative_mutations" name="test_rust_reports_exact_frozen_negative_reason[NEG-052]" time="0.001" /><testcase classname="tests.portability.test_cross_language_negative_mutations" name="test_rust_reports_exact_frozen_negative_reason[NEG-053]" time="0.001" /><testcase classname="tests.portability.test_cross_language_negative_mutations" name="test_rust_reports_exact_frozen_negative_reason[NEG-054]" time="0.001" /><testcase classname="tests.portability.test_cross_language_negative_mutations" name="test_rust_reports_exact_frozen_negative_reason[NEG-055]" time="0.002" /><testcase classname="tests.portability.test_cross_language_negative_mutations" name="test_required_mutation_detected_cross_language[constraint_loss-CONSTRAINT_WEAKENED-X01_CONSTRAINT_WEAKENED-&lt;function &lt;lambda&gt; at 0x7f76a4e6ff60&gt;]" time="0.002" /><testcase classname="tests.portability.test_cross_language_negative_mutations" name="test_required_mutation_detected_cross_language[provenance_loss-PROVENANCE_REMOVED-P_PROVENANCE_REMOVED-&lt;function &lt;lambda&gt; at 0x7f76a4cd5e40&gt;]" time="0.002" /><testcase classname="tests.portability.test_cross_language_negative_mutations" name="test_required_mutation_detected_cross_language[uncertainty_drift-UNCERTAINTY_ERASED-X03_UNCERTAINTY_ERASED-&lt;function &lt;lambda&gt; at 0x7f76a4cd5da0&gt;]" time="0.002" /><testcase classname="tests.portability.test_cross_language_negative_mutations" name="test_required_mutation_detected_cross_language[preference_drift-SEMANTIC_NONEQUIVALENT-P_SEMANTIC_NONEQUIVALENT-&lt;function &lt;lambda&gt; at 0x7f76a4cd5c60&gt;]" time="0.002" /><testcase classname="tests.portability.test_cross_language_negative_mutations" name="test_required_mutation_detected_cross_language[private_to_public-PRIVACY_ESCALATION-P_PRIVACY_ESCALATION-&lt;function &lt;lambda&gt; at 0x7f76a4cd5bc0&gt;]" time="0.002" /><testcase classname="tests.portability.test_cross_language_negative_mutations" name="test_required_mutation_detected_cross_language[taint_removal-TRUST_ESCALATION-P_TRUST_ESCALATION-&lt;function &lt;lambda&gt; at 0x7f76a4cd59e0&gt;]" time="0.002" /><testcase classname="tests.portability.test_cross_language_negative_mutations" name="test_required_mutation_detected_cross_language[c06_recommendation-SEMANTIC_NONEQUIVALENT-P_SEMANTIC_NONEQUIVALENT-&lt;function &lt;lambda&gt; at 0x7f76a4cd5a80&gt;]" time="0.002" /><testcase classname="tests.portability.test_cross_language_negative_mutations" name="test_required_mutation_detected_cross_language[c03_recommendation_drift-SEMANTIC_NONEQUIVALENT-P_SEMANTIC_NONEQUIVALENT-&lt;function &lt;lambda&gt; at 0x7f76a4cd62a0&gt;]" time="0.002" /><testcase classname="tests.portability.test_cross_language_negative_mutations" name="test_required_mutation_detected_cross_language[c07_missing_authority-SEMANTIC_NONEQUIVALENT-C07_EXECUTION_MISSING_AUTHORITY-&lt;function &lt;lambda&gt; at 0x7f76a4cd6340&gt;]" time="0.002" /><testcase classname="tests.portability.test_cross_language_negative_mutations" name="test_required_mutation_detected_cross_language[target_drift-SEMANTIC_NONEQUIVALENT-C07_TARGET_DRIFT-&lt;function &lt;lambda&gt; at 0x7f76a4cd63e0&gt;]" time="0.002" /><testcase classname="tests.portability.test_cross_language_negative_mutations" name="test_required_mutation_detected_cross_language[argument_expansion-SEMANTIC_NONEQUIVALENT-C07_ARGUMENT_DRIFT-&lt;function &lt;lambda&gt; at 0x7f76a4cd6480&gt;]" time="0.002" /><testcase classname="tests.portability.test_cross_language_negative_mutations" name="test_required_mutation_detected_cross_language[expired_grant-SEMANTIC_NONEQUIVALENT-C07_AUTHORITY_EXPIRED-&lt;function &lt;lambda&gt; at 0x7f76a4cd6520&gt;]" time="0.002" /><testcase classname="tests.portability.test_cross_language_negative_mutations" name="test_required_mutation_detected_cross_language[revoked_grant-SEMANTIC_NONEQUIVALENT-C07_AUTHORITY_REVOKED-&lt;function &lt;lambda&gt; at 0x7f76a4cd65c0&gt;]" time="0.002" /><testcase classname="tests.portability.test_cross_language_negative_mutations" name="test_required_mutation_detected_cross_language[consumed_grant-SEMANTIC_NONEQUIVALENT-C07_AUTHORITY_CONSUMED-&lt;function &lt;lambda&gt; at 0x7f76a4cd6660&gt;]" time="0.002" /><testcase classname="tests.portability.test_cross_language_negative_mutations" name="test_required_mutation_detected_cross_language[unknown_to_pass-SEMANTIC_NONEQUIVALENT-P_STATUS_COLLAPSE-&lt;function &lt;lambda&gt; at 0x7f76a4cd6700&gt;]" time="0.002" /><testcase classname="tests.portability.test_cross_language_negative_mutations" name="test_required_mutation_detected_cross_language[partial_to_success-OUTCOME_ESCALATION-P_OUTCOME_ESCALATION-&lt;function &lt;lambda&gt; at 0x7f76a4cd67a0&gt;]" time="0.002" /><testcase classname="tests.portability.test_cross_language_negative_mutations" name="test_required_mutation_detected_cross_language[operation_id_replacement-OPERATION_ID_MUTATION-P_OPERATION_ID_MUTATION-&lt;function &lt;lambda&gt; at 0x7f76a4cd6840&gt;]" time="0.002" /><testcase classname="tests.portability.test_cross_language_negative_mutations" name="test_c01_authority_creation_detected" time="0.002" /><testcase classname="tests.portability.test_cross_language_negative_mutations" name="test_tool_success_not_verified_success" time="0.002" /><testcase classname="tests.portability.test_cross_language_negative_mutations" name="test_mutation_escapes_zero" time="0.024" /><testcase classname="tests.portability.test_merge_gate_adversarial" name="test_abi_compatible_rejects_major_mismatch" time="0.000" /><testcase classname="tests.portability.test_merge_gate_adversarial" name="test_absent_null_unknown_preserved_on_round_trip" time="0.000" /><testcase classname="tests.portability.test_merge_gate_adversarial" name="test_int_not_equivalent_to_float" time="0.000" /><testcase classname="tests.portability.test_merge_gate_adversarial" name="test_unicode_nfc_nfd_same_canonical" time="0.000" /><testcase classname="tests.portability.test_merge_gate_adversarial" name="test_time_z_and_offset_equivalent" time="0.000" /><testcase classname="tests.portability.test_merge_gate_adversarial" name="test_unknown_fields_rejected" time="0.000" /><testcase classname="tests.portability.test_merge_gate_adversarial" name="test_privacy_drop_without_public_is_escalation" time="0.000" /><testcase classname="tests.portability.test_merge_gate_adversarial" name="test_hard_to_pref_different_statement_detected" time="0.000" /><testcase classname="tests.portability.test_merge_gate_adversarial" name="test_outcome_and_operation_id_attacks" time="0.000" /><testcase classname="tests.portability.test_merge_gate_adversarial" name="test_capability_escalation_guard" time="0.000" /><testcase classname="tests.portability.test_merge_gate_adversarial" name="test_fake_platform_detector" time="0.000" /><testcase classname="tests.portability.test_merge_gate_adversarial" name="test_oracle_independence_agrees_on_critical_attacks" time="0.000" /><testcase classname="tests.portability.test_merge_gate_adversarial" name="test_ten_cycle_round_trip_campaign" time="0.001" /><testcase classname="tests.portability.test_merge_gate_adversarial" name="test_cross_process_canonical_determinism" time="0.136" /><testcase classname="tests.portability.test_merge_gate_adversarial" name="test_protected_semantics_manifest_present" time="0.000" /><testcase classname="tests.portability.test_mutation_controls" name="test_critical_mutation_detected[provenance_drop-before_part0-after_part0-P_PROVENANCE_REMOVED]" time="0.001" /><testcase classname="tests.portability.test_mutation_controls" name="test_critical_mutation_detected[unknown_null-before_part1-after_part1-P_UNKNOWN_NULLIFIED]" time="0.001" /><testcase classname="tests.portability.test_mutation_controls" name="test_critical_mutation_detected[hard_to_pref-before_part2-after_part2-P_HARD_TO_PREFERENCE]" time="0.001" /><testcase classname="tests.portability.test_mutation_controls" name="test_critical_mutation_detected[denied_granted-before_part3-after_part3-P_DENIED_TO_GRANTED]" time="0.001" /><testcase classname="tests.portability.test_mutation_controls" name="test_critical_mutation_detected[private_public-before_part4-after_part4-P_PRIVACY_ESCALATION]" time="0.001" /><testcase classname="tests.portability.test_mutation_controls" name="test_critical_mutation_detected[untrusted_trusted-before_part5-after_part5-P_TRUST_ESCALATION]" time="0.000" /><testcase classname="tests.portability.test_mutation_controls" name="test_critical_escapes_zero" time="0.000" /><testcase classname="tests.portability.test_offline_and_cost" name="test_sprint4_network_none" time="0.000" /><testcase classname="tests.portability.test_offline_and_cost" name="test_pyproject_free_deps_only" time="0.000" /><testcase classname="tests.portability.test_offline_and_cost" name="test_portability_tree_no_paid_or_network_imports" time="0.014" /><testcase classname="tests.portability.test_platform_registry" name="test_all_platforms_listed" time="0.000" /><testcase classname="tests.portability.test_platform_registry" name="test_python_reference_honest" time="0.000" /><testcase classname="tests.portability.test_platform_registry" name="test_non_python_are_planned_not_released" time="0.000" /><testcase classname="tests.portability.test_privacy_portability" name="test_user_private_not_public" time="0.000" /><testcase classname="tests.portability.test_privacy_portability" name="test_untrusted_not_trusted" time="0.000" /><testcase classname="tests.portability.test_privacy_portability" name="test_denied_not_granted" time="0.000" /><testcase classname="tests.portability.test_reference_runtime" name="test_offline_network_none" time="0.000" /><testcase classname="tests.portability.test_reference_runtime" name="test_export_import_round_trip_preserves_semantics" time="0.000" /><testcase classname="tests.portability.test_reference_runtime" name="test_handoff_delegates_xcat_unchanged" time="0.000" /><testcase classname="tests.portability.test_round_trip_attacks" name="test_round_trip_law_holds_for_portable_dict" time="0.000" /><testcase classname="tests.portability.test_round_trip_attacks" name="test_attack_provenance_remove" time="0.000" /><testcase classname="tests.portability.test_round_trip_attacks" name="test_attack_unknown_to_null" time="0.000" /><testcase classname="tests.portability.test_round_trip_attacks" name="test_attack_hard_to_preference" time="0.000" /><testcase classname="tests.portability.test_round_trip_attacks" name="test_attack_denied_to_granted" time="0.000" /><testcase classname="tests.portability.test_round_trip_attacks" name="test_canonical_bytes_stable_across_dumps" time="0.000" /><testcase classname="tests.portability.test_semantic_equivalent" name="test_identical_equivalent" time="0.000" /><testcase classname="tests.portability.test_semantic_equivalent" name="test_provenance_remove_not_equivalent" time="0.000" /><testcase classname="tests.portability.test_semantic_equivalent" name="test_unknown_to_null_not_equivalent" time="0.000" /><testcase classname="tests.portability.test_semantic_equivalent" name="test_hard_to_preference_not_equivalent" time="0.000" /><testcase classname="tests.portability.test_semantic_equivalent" name="test_denied_to_granted_not_equivalent" time="0.000" /><testcase classname="tests.unit.test_c07_authority" name="test_01_missing_authority_blocks" time="0.000" /><testcase classname="tests.unit.test_c07_authority" name="test_02_capability_mismatch_blocks" time="0.000" /><testcase classname="tests.unit.test_c07_authority" name="test_03_target_drift_blocks" time="0.000" /><testcase classname="tests.unit.test_c07_authority" name="test_04_argument_over_limit_blocks" time="0.000" /><testcase classname="tests.unit.test_c07_authority" name="test_05_expired_grant_blocks" time="0.000" /><testcase classname="tests.unit.test_c07_authority" name="test_06_revoked_grant_blocks" time="0.000" /><testcase classname="tests.unit.test_c07_authority" name="test_07_consumed_grant_blocks" time="0.000" /><testcase classname="tests.unit.test_c07_authority" name="test_08_c07_cannot_mutate_recommendation" time="0.000" /><testcase classname="tests.unit.test_c07_authority" name="test_09_c07_cannot_weaken_constraint" time="0.000" /><testcase classname="tests.unit.test_c07_authority" name="test_10_c07_cannot_create_or_expand_authority" time="0.000" /><testcase classname="tests.unit.test_c07_authority" name="test_11_operation_id_replaced_on_retry_blocked" time="0.001" /><testcase classname="tests.unit.test_c07_authority" name="test_12_unknown_to_failed_blind_retry_blocked" time="0.000" /><testcase classname="tests.unit.test_c07_authority" name="test_13_partial_to_success_blocked" time="0.000" /><testcase classname="tests.unit.test_c07_authority" name="test_14_tool_success_not_verified_success" time="0.003" /><testcase classname="tests.unit.test_c07_authority" name="test_pos_valid_grant_forms_intent" time="0.000" /><testcase classname="tests.unit.test_c07_authority" name="test_pos_target_args_match_and_unexpired" time="0.000" /><testcase classname="tests.unit.test_c07_authority" name="test_pos_authority_unchanged_and_stable_op_id" time="0.000" /><testcase classname="tests.unit.test_c07_authority" name="test_pos_unknown_to_reconciliation_required" time="0.000" /><testcase classname="tests.unit.test_c07_authority" name="test_pos_not_executed_retry_eligible" time="0.000" /><testcase classname="tests.unit.test_c07_authority" name="test_pos_local_temp_file_digest_no_network" time="0.002" /><testcase classname="tests.unit.test_c07_authority" name="test_deep_immutability_grant_and_intent" time="0.000" /><testcase classname="tests.unit.test_c07_authority" name="test_vertical_chain_send_plus_none_authority_blocks_c07" time="0.001" /><testcase classname="tests.unit.test_c07_authority" name="test_attack_decision_drift_blocks" time="0.000" /><testcase classname="tests.unit.test_c07_authority" name="test_attack_illicit_authority_mint_via_c07" time="0.000" /><testcase classname="tests.unit.test_c07_authority" name="test_attack_arguments_digest_stable" time="0.001" /><testcase classname="tests.unit.test_c07_authority" name="test_cost_law_no_paid_imports" time="0.000" /><testcase classname="tests.unit.test_c07_authority" name="test_mg_g2_execution_grants_expansion_never_allowed" time="0.000" /><testcase classname="tests.unit.test_c07_authority" name="test_mg_g3_read_grant_send_action_refused" time="0.000" /><testcase classname="tests.unit.test_c07_authority" name="test_mg_g4_target_case_whitespace_alias_refused" time="0.000" /><testcase classname="tests.unit.test_c07_authority" name="test_mg_g5_amount_1000_ok_1001_refused_nested_extra" time="0.000" /><testcase classname="tests.unit.test_c07_authority" name="test_mg_g6_expiry_boundaries_fail_closed" time="0.000" /><testcase classname="tests.unit.test_c07_authority" name="test_mg_g8_single_use_consume_and_retry_no_double_consume" time="0.000" /><testcase classname="tests.unit.test_c07_authority" name="test_mg_g12_completed_zero_redispatch" time="0.000" /><testcase classname="tests.unit.test_c07_authority" name="test_mg_g15_sandbox_traversal_symlink_refused" time="0.002" /><testcase classname="tests.unit.test_c07_authority" name="test_mg_g16_duplicate_effect_campaign_zero_duplicates" time="0.001" /><testcase classname="tests.unit.test_c07_authority" name="test_mg_g17_positive_controls_amount_expiry_sandbox" time="0.001" /><testcase classname="tests.unit.test_g1_runtime_binding" name="test_g1_runtime_inventory_complete" time="0.005" /><testcase classname="tests.unit.test_g1_runtime_binding" name="test_g1_every_module_has_disposition" time="0.005" /><testcase classname="tests.unit.test_g1_runtime_binding" name="test_g1_disposition_enum_valid" time="0.000" /><testcase classname="tests.unit.test_g1_runtime_binding" name="test_g1_ring0_owner_mapping_complete" time="0.000" /><testcase classname="tests.unit.test_g1_runtime_binding" name="test_g1_binding_manifest_complete" time="0.004" /><testcase classname="tests.unit.test_g1_runtime_binding" name="test_g1_repo_tree_hash_bound" time="0.000" /><testcase classname="tests.unit.test_g1_runtime_binding" name="test_g1_normative_spec_hash_bound" time="0.000" /><testcase classname="tests.unit.test_g1_runtime_binding" name="test_g1_no_duplicate_canonical_writers" time="0.000" /><testcase classname="tests.unit.test_g1_runtime_binding" name="test_g1_no_unowned_required_ring0_responsibility" time="0.001"><failure message="AssertionError: {'unowned_facts': ['qualification_evidence'], 'missing_requirements': ['claim qualification', 'qualification evidence']}&#10;assert (['qualification_evidence'] == []&#10;  &#10;  Left contains one more item: 'qualification_evidence'&#10;  Use -v to get more diff)">E   AssertionError: {'unowned_facts': ['qualification_evidence'], 'missing_requirements': ['claim qualification', 'qualification evidence']}
    assert (['qualification_evidence'] == []
      
      Left contains one more item: 'qualification_evidence'
      Use -v to get more diff)</failure></testcase><testcase classname="tests.unit.test_g1_runtime_binding" name="test_g1_k3_required_responsibilities_complete" time="0.001" /><testcase classname="tests.unit.test_g1_runtime_binding" name="test_g1_authority_owner_unique" time="0.000" /><testcase classname="tests.unit.test_g1_runtime_binding" name="test_g1_proof_owner_unique" time="0.000" /><testcase classname="tests.unit.test_g1_runtime_binding" name="test_g1_error_owner_unique" time="0.000" /><testcase classname="tests.unit.test_g1_runtime_binding" name="test_g1_artifact_lineage_owner_unique" time="0.000" /><testcase classname="tests.unit.test_g1_runtime_binding" name="test_g1_qualification_owner_unique" time="0.001"><failure message="AssertionError: K7 qualification evidence has no writer&#10;assert []">E   AssertionError: K7 qualification evidence has no writer
    assert []</failure></testcase><testcase classname="tests.unit.test_g1r1_ownership" name="test_reason_code_is_error_code" time="0.000" /><testcase classname="tests.unit.test_g1r1_ownership" name="test_portability_reason_is_error_code" time="0.000" /><testcase classname="tests.unit.test_g1r1_ownership" name="test_failures_not_laundered_single_writer_identity" time="0.000" /><testcase classname="tests.unit.test_g1r1_ownership" name="test_working_contract_hash_matches_binding" time="0.000" /><testcase classname="tests.unit.test_g1r1_ownership" name="test_spe_typed_error_carries_code" time="0.000" /><testcase classname="tests.unit.test_g1r2_authority" name="test_replace_envelope_rejects_authority_controlled_kwargs[kwargs0]" time="0.000" /><testcase classname="tests.unit.test_g1r2_authority" name="test_replace_envelope_rejects_authority_controlled_kwargs[kwargs1]" time="0.000" /><testcase classname="tests.unit.test_g1r2_authority" name="test_replace_envelope_rejects_authority_controlled_kwargs[kwargs2]" time="0.000" /><testcase classname="tests.unit.test_g1r2_authority" name="test_replace_envelope_rejects_authority_controlled_kwargs[kwargs3]" time="0.000" /><testcase classname="tests.unit.test_g1r2_authority" name="test_replace_envelope_rejects_authority_controlled_kwargs[kwargs4]" time="0.000" /><testcase classname="tests.unit.test_g1r2_authority" name="test_replace_envelope_rejects_authority_controlled_kwargs[kwargs5]" time="0.000" /><testcase classname="tests.unit.test_g1r2_authority" name="test_replace_envelope_rejects_authority_state_injection" time="0.000" /><testcase classname="tests.unit.test_g1r2_authority" name="test_replace_envelope_allows_non_authority_fields" time="0.000" /><testcase classname="tests.unit.test_g1r2_authority" name="test_x09_rejects_nontyped_authority_events[None]" time="0.000" /><testcase classname="tests.unit.test_g1r2_authority" name="test_x09_rejects_nontyped_authority_events[bad_event1]" time="0.000" /><testcase classname="tests.unit.test_g1r2_authority" name="test_x09_rejects_nontyped_authority_events[bad_event2]" time="0.000" /><testcase classname="tests.unit.test_g1r2_authority" name="test_x09_rejects_nontyped_authority_events[yes]" time="0.000" /><testcase classname="tests.unit.test_g1r2_authority" name="test_x09_rejects_nontyped_authority_events[bad_event4]" time="0.000" /><testcase classname="tests.unit.test_g1r2_authority" name="test_x09_rejects_nontyped_authority_events[bad_event5]" time="0.000" /><testcase classname="tests.unit.test_g1r2_authority" name="test_x09_rejects_confused_deputy_authority_object" time="0.000" /><testcase classname="tests.unit.test_g1r2_authority" name="test_typed_authority_event_authorizes_escalation" time="0.000" /><testcase classname="tests.unit.test_g1r2_authority" name="test_x09_rejects_wrong_kind" time="0.000" /><testcase classname="tests.unit.test_g1r2_authority" name="test_x09_rejects_wrong_target" time="0.000" /><testcase classname="tests.unit.test_g1r2_authority" name="test_x09_rejects_revoked_event" time="0.000" /><testcase classname="tests.unit.test_g1r2_authority" name="test_x09_rejects_empty_subject" time="0.000" /><testcase classname="tests.unit.test_g1r2_authority" name="test_x09_rejects_level_above_max" time="0.000" /><testcase classname="tests.unit.test_g1r2_authority" name="test_x09_rejects_grants_outside_scope" time="0.000" /><testcase classname="tests.unit.test_g1r2_authority" name="test_x09_rejects_negative_max_level" time="0.000" /><testcase classname="tests.unit.test_g1r2_authority" name="test_x09_stable_authority_ok_without_event" time="0.000" /><testcase classname="tests.unit.test_g1r2_authority" name="test_apply_authority_event_is_canonical_writer" time="0.000" /><testcase classname="tests.unit.test_g1r2_authority" name="test_apply_authority_event_rejects_invalid_event" time="0.001" /><testcase classname="tests.unit.test_g1r2_authority" name="test_semantic_lease_is_not_authority" time="0.000" /><testcase classname="tests.unit.test_g1r3_k0_k1" name="test_provenance_is_str_enum_not_score" time="0.000" /><testcase classname="tests.unit.test_g1r3_k0_k1" name="test_may_overwrite_protected_precedence" time="0.000" /><testcase classname="tests.unit.test_g1r3_k0_k1" name="test_inferred_cannot_overwrite_user_explicit" time="0.000" /><testcase classname="tests.unit.test_g1r3_k0_k1" name="test_inferred_cannot_overwrite_user_confirmed" time="0.000" /><testcase classname="tests.unit.test_g1r3_k0_k1" name="test_propose_cannot_mint_user_confirmed" time="0.000" /><testcase classname="tests.unit.test_g1r3_k0_k1" name="test_model_proposed_stays_model_proposed" time="0.000" /><testcase classname="tests.unit.test_g1r3_k0_k1" name="test_spe_suggested_stays_spe_suggested" time="0.000" /><testcase classname="tests.unit.test_g1r3_k0_k1" name="test_external_evidence_cannot_become_user_explicit_via_propose" time="0.000" /><testcase classname="tests.unit.test_g1r3_k0_k1" name="test_confirm_requirement_promotes_inferred" time="0.000" /><testcase classname="tests.unit.test_g1r3_k0_k1" name="test_confirm_requirement_is_only_path_to_user_confirmed" time="0.000" /><testcase classname="tests.unit.test_g1r3_k0_k1" name="test_user_confirmed_survives_round_trip_to_dict" time="0.000" /><testcase classname="tests.unit.test_g1r3_k0_k1" name="test_unknown_propose_as_must_rejected" time="0.000" /><testcase classname="tests.unit.test_g1r3_k0_k1" name="test_high_confidence_does_not_upgrade_provenance" time="0.000" /><testcase classname="tests.unit.test_g1r3_k0_k1" name="test_repeated_inference_does_not_become_confirmed" time="0.000" /><testcase classname="tests.unit.test_g1r3_k0_k1" name="test_category_handoff_does_not_upgrade_provenance" time="0.000" /><testcase classname="tests.unit.test_g1r3_k0_k1" name="test_tool_output_does_not_upgrade_provenance" time="0.000" /><testcase classname="tests.unit.test_g1r3_k0_k1" name="test_user_explicit_preserved" time="0.000" /><testcase classname="tests.unit.test_g1r3_k0_k1" name="test_preference_distinct_from_must" time="0.000" /><testcase classname="tests.unit.test_g1r3_k0_k1" name="test_should_distinct_from_must" time="0.000" /><testcase classname="tests.unit.test_g1r3_k0_k1" name="test_must_not_survives_update" time="0.000" /><testcase classname="tests.unit.test_g1r3_k0_k1" name="test_nonconflicting_inference_coexists_unbound" time="0.000" /><testcase classname="tests.unit.test_g1r3_k0_k1" name="test_must_and_must_not_same_fact_conflict" time="0.000" /><testcase classname="tests.unit.test_g1r3_k0_k1" name="test_conflicted_contract_not_valid" time="0.000" /><testcase classname="tests.unit.test_g1r3_k0_k1" name="test_empty_contract_incomplete" time="0.000" /><testcase classname="tests.unit.test_g1r3_k0_k1" name="test_two_preferences_not_hard_conflict" time="0.000" /><testcase classname="tests.unit.test_g1r3_k0_k1" name="test_duplicate_equivalent_requirement_not_false_conflict" time="0.000" /><testcase classname="tests.unit.test_g1r3_k0_k1" name="test_requirement_graph_records_conflict_edge" time="0.000" /><testcase classname="tests.unit.test_g1r3_k0_k1" name="test_conflict_preserves_both_provenances" time="0.000" /><testcase classname="tests.unit.test_g1r3_k0_k1" name="test_inference_cannot_launder_explicit_conflict" time="0.000" /><testcase classname="tests.unit.test_g1r3_k0_k1" name="test_requirement_identity_deterministic" time="0.000" /><testcase classname="tests.unit.test_g1r3_k0_k1" name="test_requirement_graph_cow_with_node" time="0.000" /><testcase classname="tests.unit.test_g1r3_k0_k1" name="test_detect_conflicts_standalone" time="0.000" /><testcase classname="tests.unit.test_g1r3_k0_k1" name="test_confirmation_does_not_grant_authority" time="0.000" /><testcase classname="tests.unit.test_g1r3_k0_k1" name="test_confirmation_does_not_authorize_execution" time="0.000" /><testcase classname="tests.unit.test_g1r3_k0_k1" name="test_conflict_does_not_mutate_authority" time="0.000" /><testcase classname="tests.unit.test_g1r3_k0_k1" name="test_to_dict_has_no_proof_fields_on_valid_contract" time="0.000" /><testcase classname="tests.unit.test_g1r3_k0_k1" name="test_error_code_wire_strings" time="0.000" /><testcase classname="tests.unit.test_g1r4_k2_proof_transaction" name="test_snapshot_identity_deterministic" time="0.000" /><testcase classname="tests.unit.test_g1r4_k2_proof_transaction" name="test_equivalent_snapshot_content_stable_identity" time="0.000" /><testcase classname="tests.unit.test_g1r4_k2_proof_transaction" name="test_obligation_identity_deterministic" time="0.000" /><testcase classname="tests.unit.test_g1r4_k2_proof_transaction" name="test_receipt_identity_deterministic" time="0.001" /><testcase classname="tests.unit.test_g1r4_k2_proof_transaction" name="test_patch_identity_deterministic" time="0.000" /><testcase classname="tests.unit.test_g1r4_k2_proof_transaction" name="test_lease_binds_snapshot_version_obligations" time="0.000" /><testcase classname="tests.unit.test_g1r4_k2_proof_transaction" name="test_valid_commit_returns_new_snapshot_ledger_consumes_lease" time="0.001" /><testcase classname="tests.unit.test_g1r4_k2_proof_transaction" name="test_version_increments_once_per_successful_commit" time="0.001" /><testcase classname="tests.unit.test_g1r4_k2_proof_transaction" name="test_patch_rejects_wrong_snapshot" time="0.001" /><testcase classname="tests.unit.test_g1r4_k2_proof_transaction" name="test_patch_rejects_stale_version" time="0.001" /><testcase classname="tests.unit.test_g1r4_k2_proof_transaction" name="test_receipt_rejects_wrong_patch" time="0.001" /><testcase classname="tests.unit.test_g1r4_k2_proof_transaction" name="test_receipt_rejects_unbound_none_patch_id" time="0.001" /><testcase classname="tests.unit.test_g1r4_k2_proof_transaction" name="test_receipt_for_patch_a_cannot_replay_against_patch_b" time="0.001" /><testcase classname="tests.unit.test_g1r4_k2_proof_transaction" name="test_mutation_removing_exact_patch_binding_is_detected" time="0.000" /><testcase classname="tests.unit.test_g1r4_k2_proof_transaction" name="test_receipt_rejects_wrong_snapshot" time="0.001" /><testcase classname="tests.unit.test_g1r4_k2_proof_transaction" name="test_lease_rejects_wrong_snapshot_and_version" time="0.001" /><testcase classname="tests.unit.test_g1r4_k2_proof_transaction" name="test_missing_required_receipt_rejected" time="0.001" /><testcase classname="tests.unit.test_g1r4_k2_proof_transaction" name="test_fail_receipt_rejected" time="0.001" /><testcase classname="tests.unit.test_g1r4_k2_proof_transaction" name="test_unknown_receipt_rejected" time="0.001" /><testcase classname="tests.unit.test_g1r4_k2_proof_transaction" name="test_wrong_obligation_receipt_rejected" time="0.001" /><testcase classname="tests.unit.test_g1r4_k2_proof_transaction" name="test_wrong_proof_type_rejected" time="0.001" /><testcase classname="tests.unit.test_g1r4_k2_proof_transaction" name="test_model_judgment_cannot_satisfy_external_world_observation" time="0.000" /><testcase classname="tests.unit.test_g1r4_k2_proof_transaction" name="test_structural_conformance_pass_does_not_create_fact_verified" time="0.000" /><testcase classname="tests.unit.test_g1r4_k2_proof_transaction" name="test_human_judgment_is_not_observation" time="0.000" /><testcase classname="tests.unit.test_g1r4_k2_proof_transaction" name="test_arbitrary_dict_receipt_rejected" time="0.001" /><testcase classname="tests.unit.test_g1r4_k2_proof_transaction" name="test_self_declared_verified_true_ignored" time="0.001" /><testcase classname="tests.unit.test_g1r4_k2_proof_transaction" name="test_unrelated_evidence_wrong_subject_rejected" time="0.001" /><testcase classname="tests.unit.test_g1r4_k2_proof_transaction" name="test_atomicity_k0_violation_leaves_state_unchanged" time="0.001" /><testcase classname="tests.unit.test_g1r4_k2_proof_transaction" name="test_atomicity_lease_failure_leaves_state_unchanged" time="0.001" /><testcase classname="tests.unit.test_g1r4_k2_proof_transaction" name="test_atomicity_inferred_conflict_preserved_after_valid_commit" time="0.001" /><testcase classname="tests.unit.test_g1r4_k2_proof_transaction" name="test_semantic_lease_is_not_authority_grant" time="0.000" /><testcase classname="tests.unit.test_g1r4_k2_proof_transaction" name="test_receipt_and_commit_are_not_execution_authority" time="0.001" /><testcase classname="tests.unit.test_g1r4_k2_proof_transaction" name="test_confirmation_boundary_via_patch" time="0.001" /><testcase classname="tests.unit.test_g1r4_k2_proof_transaction" name="test_ledger_append_idempotent_rejects_mutation" time="0.001" /><testcase classname="tests.unit.test_g1r4_k2_proof_transaction" name="test_error_codes_wire_strings" time="0.000" /><testcase classname="tests.unit.test_g1r4_k2_proof_transaction" name="test_no_public_mint_pass_receipt" time="0.000" /><testcase classname="tests.unit.test_g1r4_k2_proof_transaction" name="test_directly_forged_pass_receipt_cannot_commit" time="0.001" /><testcase classname="tests.unit.test_g1r4_k2_proof_transaction" name="test_forged_receipt_with_content_addressed_id_still_rejected" time="0.001" /><testcase classname="tests.unit.test_g1r4_k2_proof_transaction" name="test_tampered_receipt_id_rejected" time="0.001" /><testcase classname="tests.unit.test_g1r4_k2_proof_transaction" name="test_tampered_evidence_digest_rejected" time="0.001" /><testcase classname="tests.unit.test_g1r4_k2_proof_transaction" name="test_tampered_issuance_digest_rejected" time="0.001" /><testcase classname="tests.unit.test_g1r4_k2_proof_transaction" name="test_empty_issuance_digest_rejected" time="0.001" /><testcase classname="tests.unit.test_g1r4_k2_proof_transaction" name="test_canonical_verify_receipt_still_commits" time="0.001" /><testcase classname="tests.unit.test_g1r4_k2_proof_transaction" name="test_mutation_removing_receipt_integrity_gate_is_detected" time="0.001" /><testcase classname="tests.unit.test_g1r5_k3_privacy_projection" name="test_deterministic_privacy_projection_identity" time="0.000" /><testcase classname="tests.unit.test_g1r5_k3_privacy_projection" name="test_changed_policy_changes_identity" time="0.000" /><testcase classname="tests.unit.test_g1r5_k3_privacy_projection" name="test_changed_scope_changes_identity" time="0.000" /><testcase classname="tests.unit.test_g1r5_k3_privacy_projection" name="test_source_semantic_state_unchanged_nested" time="0.000" /><testcase classname="tests.unit.test_g1r5_k3_privacy_projection" name="test_shallow_and_deep_source_mutation_impossible" time="0.000" /><testcase classname="tests.unit.test_g1r5_k3_privacy_projection" name="test_unknown_classification_fails_closed_omit" time="0.000" /><testcase classname="tests.unit.test_g1r5_k3_privacy_projection" name="test_conflicting_privacy_rules_deterministic" time="0.000" /><testcase classname="tests.unit.test_g1r5_k3_privacy_projection" name="test_hidden_data_not_leaked_into_view_or_identity" time="0.001" /><testcase classname="tests.unit.test_g1r5_k3_privacy_projection" name="test_hidden_data_not_leaked_into_errors" time="0.000" /><testcase classname="tests.unit.test_g1r5_k3_privacy_projection" name="test_privacy_projection_cannot_mint_or_widen_authority" time="0.000" /><testcase classname="tests.unit.test_g1r5_k3_privacy_projection" name="test_provenance_preserved_no_trust_upgrade" time="0.000" /><testcase classname="tests.unit.test_g1r5_k3_privacy_projection" name="test_invalid_scope_typed_error" time="0.000" /><testcase classname="tests.unit.test_g1r5_k3_privacy_projection" name="test_invalid_privacy_class_typed_error" time="0.000" /><testcase classname="tests.unit.test_g1r5_k3_privacy_projection" name="test_scope_binding_enforced" time="0.000" /><testcase classname="tests.unit.test_g1r5_k3_privacy_projection" name="test_canonical_writer_unique_and_exported" time="0.000" /><testcase classname="tests.unit.test_g1r5_k3_privacy_projection" name="test_mutation_removing_private_include_guard_is_detected" time="0.000" /><testcase classname="tests.unit.test_g1r5_k3_privacy_projection" name="test_k3_cannot_mutate_k0_k1_truth" time="0.000" /><testcase classname="tests.unit.test_g1r5_k3_privacy_projection" name="test_error_code_wire_strings" time="0.000" /><testcase classname="tests.unit.test_g1r5e_evidence_consistency" name="test_g1r5_binding_copies_byte_identical" time="0.000" /><testcase classname="tests.unit.test_g1r5e_evidence_consistency" name="test_g1r5_manifest_hash_recomputes" time="0.000" /><testcase classname="tests.unit.test_g1r5e_evidence_consistency" name="test_g1r5_evidence_artifacts_agree" time="0.001" /><testcase classname="tests.unit.test_g1r5e_evidence_consistency" name="test_g1r5_working_contract_sha_frozen" time="0.000" /><testcase classname="tests.unit.test_g1r6_k3_prompt_artifact" name="test_prompt_artifact_immutable" time="0.001" /><testcase classname="tests.unit.test_g1r6_k3_prompt_artifact" name="test_sole_canonical_writer_exists" time="0.000" /><testcase classname="tests.unit.test_g1r6_k3_prompt_artifact" name="test_same_semantic_input_same_digest" time="0.001" /><testcase classname="tests.unit.test_g1r6_k3_prompt_artifact" name="test_protected_must_preserved" time="0.001" /><testcase classname="tests.unit.test_g1r6_k3_prompt_artifact" name="test_protected_must_not_preserved" time="0.001" /><testcase classname="tests.unit.test_g1r6_k3_prompt_artifact" name="test_should_remains_should_level" time="0.001" /><testcase classname="tests.unit.test_g1r6_k3_prompt_artifact" name="test_preference_not_upgraded" time="0.001" /><testcase classname="tests.unit.test_g1r6_k3_prompt_artifact" name="test_context_cannot_delete_must" time="0.001" /><testcase classname="tests.unit.test_g1r6_k3_prompt_artifact" name="test_context_cannot_delete_must_not" time="0.001" /><testcase classname="tests.unit.test_g1r6_k3_prompt_artifact" name="test_context_cannot_counterfeit_protected_section_delimiter" time="0.001" /><testcase classname="tests.unit.test_g1r6_k3_prompt_artifact" name="test_model_proposed_cannot_become_user_confirmed" time="0.000" /><testcase classname="tests.unit.test_g1r6_k3_prompt_artifact" name="test_unknown_cannot_become_protected_truth" time="0.000" /><testcase classname="tests.unit.test_g1r6_k3_prompt_artifact" name="test_conflicted_contract_fails_closed" time="0.000" /><testcase classname="tests.unit.test_g1r6_k3_prompt_artifact" name="test_incomplete_contract_fails_closed" time="0.000" /><testcase classname="tests.unit.test_g1r6_k3_prompt_artifact" name="test_source_contract_remains_unchanged" time="0.001" /><testcase classname="tests.unit.test_g1r6_k3_prompt_artifact" name="test_nested_structures_cannot_mutate_source_or_artifact" time="0.001" /><testcase classname="tests.unit.test_g1r6_k3_prompt_artifact" name="test_prompt_artifact_cannot_mint_authority_grant" time="0.001" /><testcase classname="tests.unit.test_g1r6_k3_prompt_artifact" name="test_prompt_artifact_cannot_change_authority_state" time="0.001" /><testcase classname="tests.unit.test_g1r6_k3_prompt_artifact" name="test_prompt_artifact_cannot_create_proof_receipt" time="0.000" /><testcase classname="tests.unit.test_g1r6_k3_prompt_artifact" name="test_prompt_artifact_does_not_claim_qualification" time="0.001" /><testcase classname="tests.unit.test_g1r6_k3_prompt_artifact" name="test_prompt_artifact_does_not_claim_privacy_egress_permission" time="0.001" /><testcase classname="tests.unit.test_g1r6_k3_prompt_artifact" name="test_digest_changes_when_protected_semantic_input_changes" time="0.001" /><testcase classname="tests.unit.test_g1r6_k3_prompt_artifact" name="test_deterministic_ordering_independent_of_input_map_order" time="0.001" /><testcase classname="tests.unit.test_g1r6_k3_prompt_artifact" name="test_no_spe_or_k6_identity_or_lineage_semantics" time="0.001" /><testcase classname="tests.unit.test_g1r6_k3_prompt_artifact" name="test_mutation_oracle_protected_constraint_preservation_guard" time="0.001" /><testcase classname="tests.unit.test_g1r6_k3_prompt_artifact" name="test_writer_map_lists_sole_prompt_writer" time="0.000" /><testcase classname="tests.unit.test_g1r6_k3_prompt_artifact" name="test_gap_matrix_prompt_artifact_implemented" time="0.000" /><testcase classname="tests.unit.test_g1r6_k3_prompt_artifact" name="test_c01_c03_unchanged_ownership" time="0.000" /><testcase classname="tests.unit.test_g1r6_k3_prompt_artifact" name="test_repeated_builds_byte_stable" time="0.002" /><testcase classname="tests.unit.test_g1r6_k3_prompt_artifact" name="test_nfc_equivalent_context_stable_via_canonical" time="0.001" /><testcase classname="tests.unit.test_g1r6r_k3_prompt_recheck" name="test_context_cannot_overwrite_must_not_with_contrary_advice" time="0.001" /><testcase classname="tests.unit.test_g1r6r_k3_prompt_recheck" name="test_sentinel_injection_matrix_cannot_forge_structure" time="0.005" /><testcase classname="tests.unit.test_g1r6r_k3_prompt_recheck" name="test_no_double_escape_drift_on_rebuild" time="0.001" /><testcase classname="tests.unit.test_g1r6r_k3_prompt_recheck" name="test_nfc_nfd_string_context_byte_stable_render_and_digest" time="0.001" /><testcase classname="tests.unit.test_g1r6r_k3_prompt_recheck" name="test_slots_block_dict_mutation_bypass" time="0.001" /><testcase classname="tests.unit.test_g1r6r_k3_prompt_recheck" name="test_direct_construction_is_data_not_canonical_writer" time="0.000" /><testcase classname="tests.unit.test_g1r6r_k3_prompt_recheck" name="test_must_must_not_conflict_not_laundered" time="0.000" /><testcase classname="tests.unit.test_g1r6r_k3_prompt_recheck" name="test_cross_process_digest_stable" time="0.120" /><testcase classname="tests.unit.test_g1r6r_k3_prompt_recheck" name="test_gap_matrix_k3_strategy_complete_after_g1r7" time="0.000" /><testcase classname="tests.unit.test_g1r6r_k3_prompt_recheck" name="test_escape_output_never_equals_sentinel" time="0.000" /><testcase classname="tests.unit.test_g1r7_k3_strategy" name="test_simple_task_direct_plan" time="0.000" /><testcase classname="tests.unit.test_g1r7_k3_strategy" name="test_decompose_plan" time="0.000" /><testcase classname="tests.unit.test_g1r7_k3_strategy" name="test_retrieve_then_reason_plan" time="0.000" /><testcase classname="tests.unit.test_g1r7_k3_strategy" name="test_compare_plan" time="0.000" /><testcase classname="tests.unit.test_g1r7_k3_strategy" name="test_critique_revise_plan" time="0.000" /><testcase classname="tests.unit.test_g1r7_k3_strategy" name="test_structured_analysis_plan" time="0.000" /><testcase classname="tests.unit.test_g1r7_k3_strategy" name="test_plan_then_execute_no_authority" time="0.000" /><testcase classname="tests.unit.test_g1r7_k3_strategy" name="test_conflicted_source_blocks_plan" time="0.000" /><testcase classname="tests.unit.test_g1r7_k3_strategy" name="test_unknown_not_invented_into_persona" time="0.000" /><testcase classname="tests.unit.test_g1r7_k3_strategy" name="test_direct_minimal_techniques" time="0.000" /><testcase classname="tests.unit.test_g1r7_k3_strategy" name="test_few_shot_requires_examples" time="0.000" /><testcase classname="tests.unit.test_g1r7_k3_strategy" name="test_few_shot_missing_examples_noted" time="0.000" /><testcase classname="tests.unit.test_g1r7_k3_strategy" name="test_contextual_from_context" time="0.000" /><testcase classname="tests.unit.test_g1r7_k3_strategy" name="test_retrieve_reason_justified_not_network" time="0.000" /><testcase classname="tests.unit.test_g1r7_k3_strategy" name="test_structured_output_justified" time="0.000" /><testcase classname="tests.unit.test_g1r7_k3_strategy" name="test_critique_revise_justified" time="0.000" /><testcase classname="tests.unit.test_g1r7_k3_strategy" name="test_zero_shot_few_shot_incompatible_path" time="0.000" /><testcase classname="tests.unit.test_g1r7_k3_strategy" name="test_k3_does_not_stack_unjustified_techniques" time="0.000" /><testcase classname="tests.unit.test_g1r7_k3_strategy" name="test_every_technique_has_justification" time="0.000" /><testcase classname="tests.unit.test_g1r7_k3_strategy" name="test_technique_budget_truncation_explicit" time="0.000" /><testcase classname="tests.unit.test_g1r7_k3_strategy" name="test_one_line_product_like_structured_state" time="0.001" /><testcase classname="tests.unit.test_g1r7_k3_strategy" name="test_complex_research_bounded" time="0.000" /><testcase classname="tests.unit.test_g1r7_k3_strategy" name="test_writing_task_restraint" time="0.000" /><testcase classname="tests.unit.test_g1r7_k3_strategy" name="test_coding_task_plan_then_execute_no_grant" time="0.001" /><testcase classname="tests.unit.test_g1r7_k3_strategy" name="test_sole_prompt_artifact_writer_unchanged" time="0.000" /><testcase classname="tests.unit.test_g1r7_k3_strategy" name="test_determinism_cross_process" time="0.116" /><testcase classname="tests.unit.test_g1r7_k3_strategy" name="test_gap_matrix_and_writer_map_k3_complete" time="0.000" /><testcase classname="tests.unit.test_g1r7r_k3_strategy_recheck" name="test_must_beats_preference_on_budget_overflow" time="0.000" /><testcase classname="tests.unit.test_g1r7r_k3_strategy_recheck" name="test_must_role_beats_preference_decompose_on_overflow" time="0.001" /><testcase classname="tests.unit.test_g1r7r_k3_strategy_recheck" name="test_no_must_deferred_while_weaker_kept" time="0.000" /><testcase classname="tests.unit.test_g1r7r_k3_strategy_recheck" name="test_poem_about_research_not_retrieve" time="0.000" /><testcase classname="tests.unit.test_g1r7r_k3_strategy_recheck" name="test_compare_self_not_invented_without_hint" time="0.000" /><testcase classname="tests.unit.test_g1r7r_k3_strategy_recheck" name="test_plan_birthday_not_plan_then_execute" time="0.000" /><testcase classname="tests.unit.test_g1r7r_k3_strategy_recheck" name="test_review_movie_opinion_not_critique_revise" time="0.000" /><testcase classname="tests.unit.test_g1r7r_k3_strategy_recheck" name="test_json_looking_prose_not_structured_analysis" time="0.000" /><testcase classname="tests.unit.test_g1r7r_k3_strategy_recheck" name="test_untrusted_context_cannot_set_strategy_flags" time="0.001" /><testcase classname="tests.unit.test_g1r7r_k3_strategy_recheck" name="test_constrain_hints_does_not_mutate_contract" time="0.000" /><testcase classname="tests.unit.test_g1r7r_k3_strategy_recheck" name="test_retrieve_hint_does_not_mint_network_authority" time="0.001" /><testcase classname="tests.unit.test_g1r7r_k3_strategy_recheck" name="test_injection_in_role_and_context_stays_data" time="0.000" /><testcase classname="tests.unit.test_g1r7r_k3_strategy_recheck" name="test_no_private_cot_disclosure_required" time="0.000" /><testcase classname="tests.unit.test_g1r7r_k3_strategy_recheck" name="test_pipeline_acyclic_order" time="0.000" /><testcase classname="tests.unit.test_g1r7r_k3_strategy_recheck" name="test_mismatched_technique_plan_rejected" time="0.000" /><testcase classname="tests.unit.test_g1r7r_k3_strategy_recheck" name="test_justifications_trace_to_existing_refs" time="0.000" /><testcase classname="tests.unit.test_g1r7r_k3_strategy_recheck" name="test_justification_provenance_is_system_not_user" time="0.000" /><testcase classname="tests.unit.test_g1r7r_k3_strategy_recheck" name="test_technique_order_stable_and_deterministic" time="0.116" /><testcase classname="tests.unit.test_g1r7r_k3_strategy_recheck" name="test_unknown_values_not_invented" time="0.001" /><testcase classname="tests.unit.test_g1r7r_k3_strategy_recheck" name="test_conflict_preserved_no_strategy_winner" time="0.000" /><testcase classname="tests.unit.test_g1r7r_k3_strategy_recheck" name="test_plan_then_execute_no_execution_intent" time="0.000" /><testcase classname="tests.unit.test_g1r7r_k3_strategy_recheck" name="test_sole_writers_unchanged" time="0.000" /><testcase classname="tests.unit.test_g1r7r_k3_strategy_recheck" name="test_domain_separation_no_k2_k4_k6_k7" time="0.000" /><testcase classname="tests.unit.test_g1r7r_k3_strategy_recheck" name="test_minimality_vectors" time="0.000" /><testcase classname="tests.unit.test_g1r7r_k3_strategy_recheck" name="test_g1r6_sentinel_regression_smoke" time="0.000" /><testcase classname="tests.unit.test_g1r7r_k3_strategy_recheck" name="test_k3_completeness_gate_still_green" time="0.001" /><testcase classname="tests.unit.test_g1r8_k6_spe_artifact" name="test_spe_artifact_identity_is_deterministic" time="0.001" /><testcase classname="tests.unit.test_g1r8_k6_spe_artifact" name="test_spe_artifact_cross_process_identity_stable" time="0.123" /><testcase classname="tests.unit.test_g1r8_k6_spe_artifact" name="test_spe_artifact_round_trip" time="0.001" /><testcase classname="tests.unit.test_g1r8_k6_spe_artifact" name="test_spe_artifact_root_parent_is_none" time="0.001" /><testcase classname="tests.unit.test_g1r8_k6_spe_artifact" name="test_spe_artifact_child_binds_parent" time="0.001" /><testcase classname="tests.unit.test_g1r8_k6_spe_artifact" name="test_spe_artifact_binds_snapshot_id" time="0.001" /><testcase classname="tests.unit.test_g1r8_k6_spe_artifact" name="test_spe_artifact_binds_snapshot_version" time="0.001" /><testcase classname="tests.unit.test_g1r8_k6_spe_artifact" name="test_spe_artifact_binds_prompt_digest" time="0.001" /><testcase classname="tests.unit.test_g1r8_k6_spe_artifact" name="test_spe_artifact_preserves_provenance" time="0.000" /><testcase classname="tests.unit.test_g1r8_k6_spe_artifact" name="test_spe_artifact_preserves_requirement_strength" time="0.001" /><testcase classname="tests.unit.test_g1r8_k6_spe_artifact" name="test_spe_artifact_preserves_conflicted_state" time="0.001" /><testcase classname="tests.unit.test_g1r8_k6_spe_artifact" name="test_spe_artifact_builder_copy_on_write" time="0.001" /><testcase classname="tests.unit.test_g1r8_k6_spe_artifact" name="test_spe_artifact_nested_immutable" time="0.001" /><testcase classname="tests.unit.test_g1r8_k6_spe_artifact" name="test_filename_does_not_affect_identity" time="0.003" /><testcase classname="tests.unit.test_g1r8_k6_spe_artifact" name="test_path_does_not_affect_identity" time="0.002" /><testcase classname="tests.unit.test_g1r8_k6_spe_artifact" name="test_spe_rejects_tampered_identity_bearing_field" time="0.001" /><testcase classname="tests.unit.test_g1r8_k6_spe_artifact" name="test_spe_rejects_wrong_artifact_id" time="0.001" /><testcase classname="tests.unit.test_g1r8_k6_spe_artifact" name="test_spe_rejects_wrong_snapshot_id_domain" time="0.001" /><testcase classname="tests.unit.test_g1r8_k6_spe_artifact" name="test_spe_rejects_wrong_parent_id_domain" time="0.000" /><testcase classname="tests.unit.test_g1r8_k6_spe_artifact" name="test_spe_rejects_direct_self_parent" time="0.001" /><testcase classname="tests.unit.test_g1r8_k6_spe_artifact" name="test_spe_rejects_duplicate_json_keys" time="0.000" /><testcase classname="tests.unit.test_g1r8_k6_spe_artifact" name="test_spe_rejects_unknown_semantic_field" time="0.001" /><testcase classname="tests.unit.test_g1r8_k6_spe_artifact" name="test_spe_rejects_wrong_field_type" time="0.001" /><testcase classname="tests.unit.test_g1r8_k6_spe_artifact" name="test_spe_import_does_not_grant_authority" time="0.001" /><testcase classname="tests.unit.test_g1r8_k6_spe_artifact" name="test_spe_import_does_not_upgrade_provenance" time="0.001" /><testcase classname="tests.unit.test_g1r8_k6_spe_artifact" name="test_spe_import_does_not_mint_proof" time="0.001" /><testcase classname="tests.unit.test_g1r8_k6_spe_artifact" name="test_spe_import_does_not_mint_qualification" time="0.001" /><testcase classname="tests.unit.test_g1r8_k6_spe_artifact" name="test_pad_identity_does_not_collapse_spe_identity" time="0.001" /><testcase classname="tests.unit.test_g1r8_k6_spe_artifact" name="test_parent_lineage_is_identity_bearing" time="0.001" /><testcase classname="tests.unit.test_g1r8_k6_spe_artifact" name="test_noncanonical_whitespace_normalizes_on_reserialize" time="0.001" /><testcase classname="tests.unit.test_g1r8_k6_spe_artifact" name="test_overwrite_false_refuses" time="0.002" /><testcase classname="tests.unit.test_g1r8_k6_spe_artifact" name="test_sole_writer_module" time="0.000" /><testcase classname="tests.unit.test_g1r8_k6_spe_artifact" name="test_gap_matrix_k6_movement" time="0.000" /><testcase classname="tests.unit.test_xcat_core" name="test_schema_file_exists_and_loads" time="0.000" /><testcase classname="tests.unit.test_xcat_core" name="test_valid_envelope_passes_schema" time="0.001" /><testcase classname="tests.unit.test_xcat_core" name="test_invalid_envelope_missing_required_fails_schema" time="0.000" /><testcase classname="tests.unit.test_xcat_core" name="test_category_ids_are_namespaced" time="0.000" /><testcase classname="tests.unit.test_xcat_core" name="test_schema_rejects_naked_category_in_trace" time="0.000" /><testcase classname="tests.unit.test_xcat_core" name="test_constraint_loss_detected" time="0.000" /><testcase classname="tests.unit.test_xcat_core" name="test_constraint_preserved_ok" time="0.000" /><testcase classname="tests.unit.test_xcat_core" name="test_constraint_weakened_strength_detected" time="0.000" /><testcase classname="tests.unit.test_xcat_core" name="test_provenance_loss_detected" time="0.000" /><testcase classname="tests.unit.test_xcat_core" name="test_provenance_preserved_ok" time="0.000" /><testcase classname="tests.unit.test_xcat_core" name="test_uncertainty_erasure_detected" time="0.000" /><testcase classname="tests.unit.test_xcat_core" name="test_uncertainty_preserved_ok" time="0.000" /><testcase classname="tests.unit.test_xcat_core" name="test_preference_drift_detected" time="0.000" /><testcase classname="tests.unit.test_xcat_core" name="test_preference_removed_detected" time="0.000" /><testcase classname="tests.unit.test_xcat_core" name="test_preference_unchanged_ok" time="0.000" /><testcase classname="tests.unit.test_xcat_core" name="test_taint_loss_detected" time="0.000" /><testcase classname="tests.unit.test_xcat_core" name="test_taint_preserved_ok" time="0.000" /><testcase classname="tests.unit.test_xcat_core" name="test_authority_escalation_detected" time="0.000" /><testcase classname="tests.unit.test_xcat_core" name="test_authority_stable_ok" time="0.000" /><testcase classname="tests.unit.test_xcat_core" name="test_authority_escalation_with_external_event_allowed" time="0.000" /><testcase classname="tests.unit.test_xcat_core" name="test_fail_to_pass_laundering_blocked_by_invariant" time="0.000" /><testcase classname="tests.unit.test_xcat_core" name="test_fail_to_pass_laundering_refused_by_handoff" time="0.000" /><testcase classname="tests.unit.test_xcat_core" name="test_unknown_to_pass_laundering_refused" time="0.000" /><testcase classname="tests.unit.test_xcat_core" name="test_clean_handoff_valid" time="0.000" /><testcase classname="tests.unit.test_xcat_core" name="test_constraint_loss_handoff_refused" time="0.000" /><testcase classname="tests.unit.test_xcat_core" name="test_provenance_loss_handoff_refused" time="0.000" /><testcase classname="tests.unit.test_xcat_core" name="test_taint_loss_handoff_refused" time="0.000" /><testcase classname="tests.unit.test_xcat_core" name="test_authority_escalation_handoff_blocked" time="0.000" /><testcase classname="tests.unit.test_xcat_core" name="test_naked_category_handoff_refused" time="0.000" /><testcase classname="tests.unit.test_xcat_core" name="test_fact_missing_provenance_detected" time="0.000" /><testcase classname="tests.unit.test_xcat_core" name="test_fact_unknown_provenance_id_detected" time="0.000" /><testcase classname="tests.unit.test_xcat_core" name="test_facts_with_provenance_ok" time="0.000" /><testcase classname="tests.unit.test_xcat_core" name="test_fact_missing_provenance_handoff_refused" time="0.000" /><testcase classname="tests.unit.test_xcat_core" name="test_analysis_equals_recommendation_detected" time="0.000" /><testcase classname="tests.unit.test_xcat_core" name="test_analysis_distinct_from_recommendation_ok" time="0.000" /><testcase classname="tests.unit.test_xcat_core" name="test_recommendation_copied_into_grant_detected" time="0.000" /><testcase classname="tests.unit.test_xcat_core" name="test_recommendation_as_unauthorized_grant_detected" time="0.000" /><testcase classname="tests.unit.test_xcat_core" name="test_recommendation_not_execution_ok" time="0.000" /><testcase classname="tests.unit.test_xcat_core" name="test_recommendation_as_execution_handoff_refused" time="0.000" /><testcase classname="tests.unit.test_xcat_core" name="test_authority_status_denied_to_granted_detected" time="0.000" /><testcase classname="tests.unit.test_xcat_core" name="test_reason_codes_stable" time="0.000" /><testcase classname="tests.unit.test_xcat_core" name="test_negative_control_always_true_detector_is_insufficient" time="0.000" /><testcase classname="tests.unit.test_xcat_core" name="test_handoff_result_enum_has_no_promote_executed" time="0.000" /><testcase classname="tests.unit.test_xcat_core" name="test_envelope_is_frozen" time="0.000" /><testcase classname="tests.unit.test_xcat_core" name="test_envelope_nested_mappings_are_immutable" time="0.000" /><testcase classname="tests.unit.test_xcat_core" name="test_envelope_deep_nested_mappings_are_immutable" time="0.000" /><testcase classname="tests.unit.test_xcat_core" name="test_analysis_kind_recommendation_rejected_by_x06" time="0.000" /></testsuite></testsuites>